#
# A fatal error has been detected by the Java Runtime Environment:
#
#  EXCEPTION_ACCESS_VIOLATION (0xc0000005) at pc=0x000000000714e03b, pid=11072, tid=0x0000000000002920
#
# JRE version: OpenJDK Runtime Environment (8.0_76-b03) (build 1.8.0_76-release-b03)
# Java VM: OpenJDK 64-Bit Server VM (25.76-b03 mixed mode windows-amd64 compressed oops)
# Problematic frame:
# V  [jvm.dll+0xee03b]
#
# Failed to write core dump. Minidumps are not enabled by default on client versions of Windows
#
# If you would like to submit a bug report, please visit:
#   http://bugreport.java.com/bugreport/crash.jsp
#

---------------  T H R E A D  ---------------

Current thread (0x0000000002495000):  GCTaskThread [stack: 0x00000000033e0000,0x00000000034e0000] [id=10528]

siginfo: ExceptionCode=0xc0000005, reading address 0x0000000000000008

Registers:
RAX=0x0000000003900000, RBX=0x00000000c4442828, RCX=0x0000000000000000, RDX=0x0000000000000001
RSP=0x00000000034dfb00, RBP=0x00000000c5442880, RSI=0x0000000000000006, RDI=0x000000000250cc60
R8 =0x0000000000000000, R9 =0x0000000000000006, R10=0x000000000000000c, R11=0x0000000000000300
R12=0x00000000c5442884, R13=0x00000000171808c8, R14=0x00000000171808d0, R15=0x00000000c5442868
RIP=0x000000000714e03b, EFLAGS=0x0000000000010246

Top of Stack: (sp=0x00000000034dfb00)
0x00000000034dfb00:   00000000c5442888 00000000c5442878
0x00000000034dfb10:   0000000000000006 000000000250cc60
0x00000000034dfb20:   0000000000000000 0000000002495660
0x00000000034dfb30:   000000000248cbc0 0000000000000004
0x00000000034dfb40:   0000000000000300 000000000741eb00
0x00000000034dfb50:   0000000056ac1840 0000000000000000
0x00000000034dfb60:   000000000250cc60 000000000766ba18
0x00000000034dfb70:   00000000c6674998 000000000250cc60
0x00000000034dfb80:   00000000c62f5104 0000000000000004
0x00000000034dfb90:   00000000c6674998 0000000007173b61
0x00000000034dfba0:   000000000649e4e0 0000000700000020
0x00000000034dfbb0:   0000000002495000 000000000248cbc0
0x00000000034dfbc0:   0000000002495670 0000000002495660
0x00000000034dfbd0:   000000000766ba18 0000000000000004
0x00000000034dfbe0:   000000005f2c7a30 0000000000000000
0x00000000034dfbf0:   000000000250cc60 000000000741c400 

Instructions: (pc=0x000000000714e03b)
0x000000000714e01b:   6c 00 84 d2 74 16 44 8b 43 08 8b 0d 25 46 66 00
0x000000000714e02b:   49 d3 e0 4c 03 05 13 46 66 00 eb 04 4c 8b 43 08
0x000000000714e03b:   45 8b 48 08 45 85 c9 7e 0c 41 f6 c1 01 75 4b 41
0x000000000714e04b:   c1 f9 03 eb 57 79 43 84 d2 41 8b c9 b8 10 00 00 


Register to memory mapping:

RAX=0x0000000003900000 is an unknown value
RBX=0x00000000c4442828 is pointing into object: 0x00000000c4442818
com.sun.tools.javac.comp.AttrContext 
 - klass: 'com/sun/tools/javac/comp/AttrContext'
RCX=0x0000000000000000 is an unknown value
RDX=0x0000000000000001 is an unknown value
RSP=0x00000000034dfb00 is an unknown value
RBP=0x00000000c5442880 is pointing into object: 0x00000000c5442868
com.sun.tools.javac.code.Symbol$VarSymbol$2 
 - klass: 'com/sun/tools/javac/code/Symbol$VarSymbol$2'
RSI=0x0000000000000006 is an unknown value
RDI=0x000000000250cc60 is an unknown value
R8 =0x0000000000000000 is an unknown value
R9 =0x0000000000000006 is an unknown value
R10=0x000000000000000c is an unknown value
R11=0x0000000000000300 is an unknown value
R12=0x00000000c5442884 is pointing into object: 0x00000000c5442868
com.sun.tools.javac.code.Symbol$VarSymbol$2 
 - klass: 'com/sun/tools/javac/code/Symbol$VarSymbol$2'
R13=0x00000000171808c8 is pointing into metadata
R14=0x00000000171808d0 is pointing into metadata
R15=0x00000000c5442868 is an oop
com.sun.tools.javac.code.Symbol$VarSymbol$2 
 - klass: 'com/sun/tools/javac/code/Symbol$VarSymbol$2'


Stack: [0x00000000033e0000,0x00000000034e0000],  sp=0x00000000034dfb00,  free space=1022k
Native frames: (J=compiled Java code, j=interpreted, Vv=VM code, C=native code)
V  [jvm.dll+0xee03b]
V  [jvm.dll+0x3beb00]
V  [jvm.dll+0x3bc400]
V  [jvm.dll+0x3b997e]
V  [jvm.dll+0x26b60a]
C  [msvcr100.dll+0x21d9f]
C  [msvcr100.dll+0x21e3b]
C  [kernel32.dll+0x159cd]
C  [ntdll.dll+0x2a2e1]


---------------  P R O C E S S  ---------------

Java Threads: ( => current thread )
  0x000000005f1d8000 JavaThread "Stdin handler" [_thread_blocked, id=3216, stack(0x0000000064260000,0x0000000064360000)]
  0x000000005f1db000 JavaThread "Asynchronous log dispatcher for org.gradle.launcher.daemon.server.DefaultDaemonConnection@13cd7afc" [_thread_blocked, id=10592, stack(0x000000005c7e0000,0x000000005c8e0000)]
  0x000000005f1de000 JavaThread "Daemon worker Thread 2" [_thread_blocked, id=10716, stack(0x000000005aef0000,0x000000005aff0000)]
  0x000000005f1dd800 JavaThread "Cancel handler" [_thread_blocked, id=8400, stack(0x000000005abc0000,0x000000005acc0000)]
  0x000000005f1dc800 JavaThread "Handler for socket connection from /127.0.0.1:53329 to /127.0.0.1:55828" [_thread_in_native, id=6188, stack(0x000000005ad60000,0x000000005ae60000)]
  0x000000005f1dc000 JavaThread "Daemon Thread 2" [_thread_blocked, id=3388, stack(0x0000000058bf0000,0x0000000058cf0000)]
  0x000000005ba10800 JavaThread "File lock request listener" [_thread_in_native, id=8544, stack(0x000000005c900000,0x000000005ca00000)]
  0x0000000059ef6000 JavaThread "pool-1-thread-1" [_thread_blocked, id=10576, stack(0x000000005a9b0000,0x000000005aab0000)]
  0x0000000059ee1000 JavaThread "Incoming local TCP Connector on port 53329" [_thread_in_native, id=10700, stack(0x0000000059610000,0x0000000059710000)]
  0x0000000056f3a800 JavaThread "Service Thread" daemon [_thread_blocked, id=10104, stack(0x0000000058aa0000,0x0000000058ba0000)]
  0x0000000056ee9800 JavaThread "C1 CompilerThread3" daemon [_thread_blocked, id=6336, stack(0x0000000058480000,0x0000000058580000)]
  0x0000000056ecf000 JavaThread "C2 CompilerThread2" daemon [_thread_blocked, id=10428, stack(0x0000000058860000,0x0000000058960000)]
  0x0000000056ec5800 JavaThread "C2 CompilerThread1" daemon [_thread_blocked, id=11248, stack(0x0000000058210000,0x0000000058310000)]
  0x0000000056ebf800 JavaThread "C2 CompilerThread0" daemon [_thread_blocked, id=8500, stack(0x00000000586d0000,0x00000000587d0000)]
  0x0000000056eaa800 JavaThread "Attach Listener" daemon [_thread_blocked, id=10524, stack(0x0000000058580000,0x0000000058680000)]
  0x0000000056ebb800 JavaThread "Signal Dispatcher" daemon [_thread_blocked, id=11092, stack(0x0000000058360000,0x0000000058460000)]
  0x00000000064eb800 JavaThread "Finalizer" daemon [_thread_blocked, id=10532, stack(0x0000000057e00000,0x0000000057f00000)]
  0x00000000064e4800 JavaThread "Reference Handler" daemon [_thread_blocked, id=10536, stack(0x00000000580b0000,0x00000000581b0000)]
  0x0000000001baf000 JavaThread "main" [_thread_blocked, id=11112, stack(0x0000000002720000,0x0000000002820000)]

Other Threads:
  0x000000000250f800 VMThread [stack: 0x0000000057f40000,0x0000000058040000] [id=11192]
  0x0000000056f3c000 WatcherThread [stack: 0x0000000058d00000,0x0000000058e00000] [id=6540]

=>0x0000000002495000 (exited) GCTaskThread [stack: 0x00000000033e0000,0x00000000034e0000] [id=10528]

VM state:at safepoint (normal execution)

VM Mutex/Monitor currently owned by a thread:  ([mutex/lock_event])
[0x0000000001bad190] Threads_lock - owner thread: 0x000000000250f800
[0x0000000001bad690] Heap_lock - owner thread: 0x000000005f1de000

Heap:
 PSYoungGen      total 265216K, used 31735K [0x00000000eab00000, 0x0000000100000000, 0x0000000100000000)
  eden space 233472K, 0% used [0x00000000eab00000,0x00000000eab00000,0x00000000f8f00000)
  from space 31744K, 99% used [0x00000000fe100000,0x00000000ffffdfb8,0x0000000100000000)
  to   space 57856K, 0% used [0x00000000f8f00000,0x00000000f8f00000,0x00000000fc780000)
 ParOldGen       total 110592K, used 110290K [0x00000000c0000000, 0x00000000c6c00000, 0x00000000eab00000)
  object space 110592K, 99% used [0x00000000c0000000,0x00000000c6bb4998,0x00000000c6c00000)
 Metaspace       used 65350K, capacity 68468K, committed 68656K, reserved 1107968K
  class space    used 8534K, capacity 9241K, committed 9264K, reserved 1048576K

Card table byte_map: [0x0000000002be0000,0x0000000002df0000] byte_map_base: 0x00000000025e0000

Marking Bits: (ParMarkBitMap*) 0x0000000007819d00
 Begin Bits: [0x0000000003900000, 0x0000000004900000)
 End Bits:   [0x0000000004900000, 0x0000000005900000)

Polling page: 0x0000000001b60000

CodeCache: size=245760Kb used=39390Kb max_used=39390Kb free=206369Kb
 bounds [0x00000000078a0000, 0x0000000009f50000, 0x00000000168a0000]
 total_blobs=11598 nmethods=10858 adapters=652
 compilation: enabled

Compilation events (10 events):
Event: 378.153 Thread 0x0000000056ee9800 12965       1       com.sun.tools.javac.code.Type::withTypeVar (2 bytes)
Event: 378.153 Thread 0x0000000056ee9800 nmethod 12965 0x0000000009f32bd0 code [0x0000000009f32d20, 0x0000000009f32e30]
Event: 378.160 Thread 0x0000000056ee9800 12967       2       com.sun.tools.javac.tree.TreeMaker::Type (294 bytes)
Event: 378.162 Thread 0x0000000056ee9800 nmethod 12967 0x0000000009f40a90 code [0x0000000009f40d80, 0x0000000009f41b88]
Event: 378.163 Thread 0x0000000056ee9800 12968       1       com.sun.tools.javac.code.Type$WildcardType::isReference (2 bytes)
Event: 378.163 Thread 0x0000000056ee9800 nmethod 12968 0x0000000009f3d250 code [0x0000000009f3d3a0, 0x0000000009f3d4b0]
Event: 378.167 Thread 0x0000000056ee9800 12969       2       com.sun.tools.javac.file.CacheFSInfo::isDirectory (11 bytes)
Event: 378.167 Thread 0x0000000056ee9800 nmethod 12969 0x0000000009f3ce90 code [0x0000000009f3d000, 0x0000000009f3d188]
Event: 378.167 Thread 0x0000000056ee9800 12970       2       com.sun.tools.javac.file.CacheFSInfo::getEntry (77 bytes)
Event: 378.167 Thread 0x0000000056ee9800 nmethod 12970 0x0000000009f3e290 code [0x0000000009f3e480, 0x0000000009f3e9c8]

GC Heap History (10 events):
Event: 13.773 GC heap after
Heap after GC invocations=11 (full 2):
 PSYoungGen      total 326144K, used 21489K [0x00000000eab00000, 0x0000000100000000, 0x0000000100000000)
  eden space 304640K, 0% used [0x00000000eab00000,0x00000000eab00000,0x00000000fd480000)
  from space 21504K, 99% used [0x00000000fd480000,0x00000000fe97c6c8,0x00000000fe980000)
  to   space 23040K, 0% used [0x00000000fe980000,0x00000000fe980000,0x0000000100000000)
 ParOldGen       total 80896K, used 41521K [0x00000000c0000000, 0x00000000c4f00000, 0x00000000eab00000)
  object space 80896K, 51% used [0x00000000c0000000,0x00000000c288c480,0x00000000c4f00000)
 Metaspace       used 55711K, capacity 58016K, committed 58160K, reserved 1099776K
  class space    used 7526K, capacity 8130K, committed 8240K, reserved 1048576K
}
Event: 13.773 GC heap before
{Heap before GC invocations=12 (full 3):
 PSYoungGen      total 326144K, used 21489K [0x00000000eab00000, 0x0000000100000000, 0x0000000100000000)
  eden space 304640K, 0% used [0x00000000eab00000,0x00000000eab00000,0x00000000fd480000)
  from space 21504K, 99% used [0x00000000fd480000,0x00000000fe97c6c8,0x00000000fe980000)
  to   space 23040K, 0% used [0x00000000fe980000,0x00000000fe980000,0x0000000100000000)
 ParOldGen       total 80896K, used 41521K [0x00000000c0000000, 0x00000000c4f00000, 0x00000000eab00000)
  object space 80896K, 51% used [0x00000000c0000000,0x00000000c288c480,0x00000000c4f00000)
 Metaspace       used 55711K, capacity 58016K, committed 58160K, reserved 1099776K
  class space    used 7526K, capacity 8130K, committed 8240K, reserved 1048576K
Event: 14.012 GC heap after
Heap after GC invocations=12 (full 3):
 PSYoungGen      total 326144K, used 0K [0x00000000eab00000, 0x0000000100000000, 0x0000000100000000)
  eden space 304640K, 0% used [0x00000000eab00000,0x00000000eab00000,0x00000000fd480000)
  from space 21504K, 0% used [0x00000000fd480000,0x00000000fd480000,0x00000000fe980000)
  to   space 23040K, 0% used [0x00000000fe980000,0x00000000fe980000,0x0000000100000000)
 ParOldGen       total 80896K, used 52099K [0x00000000c0000000, 0x00000000c4f00000, 0x00000000eab00000)
  object space 80896K, 64% used [0x00000000c0000000,0x00000000c32e0fb8,0x00000000c4f00000)
 Metaspace       used 55711K, capacity 58016K, committed 58160K, reserved 1099776K
  class space    used 7526K, capacity 8130K, committed 8240K, reserved 1048576K
}
Event: 63.046 GC heap before
{Heap before GC invocations=13 (full 3):
 PSYoungGen      total 326144K, used 304640K [0x00000000eab00000, 0x0000000100000000, 0x0000000100000000)
  eden space 304640K, 100% used [0x00000000eab00000,0x00000000fd480000,0x00000000fd480000)
  from space 21504K, 0% used [0x00000000fd480000,0x00000000fd480000,0x00000000fe980000)
  to   space 23040K, 0% used [0x00000000fe980000,0x00000000fe980000,0x0000000100000000)
 ParOldGen       total 80896K, used 52099K [0x00000000c0000000, 0x00000000c4f00000, 0x00000000eab00000)
  object space 80896K, 64% used [0x00000000c0000000,0x00000000c32e0fb8,0x00000000c4f00000)
 Metaspace       used 58456K, capacity 61194K, committed 61232K, reserved 1101824K
  class space    used 7811K, capacity 8463K, committed 8496K, reserved 1048576K
Event: 63.059 GC heap after
Heap after GC invocations=13 (full 3):
 PSYoungGen      total 313856K, used 6604K [0x00000000eab00000, 0x0000000100000000, 0x0000000100000000)
  eden space 290816K, 0% used [0x00000000eab00000,0x00000000eab00000,0x00000000fc700000)
  from space 23040K, 28% used [0x00000000fe980000,0x00000000feff3158,0x0000000100000000)
  to   space 29184K, 0% used [0x00000000fc700000,0x00000000fc700000,0x00000000fe380000)
 ParOldGen       total 80896K, used 52107K [0x00000000c0000000, 0x00000000c4f00000, 0x00000000eab00000)
  object space 80896K, 64% used [0x00000000c0000000,0x00000000c32e2fb8,0x00000000c4f00000)
 Metaspace       used 58456K, capacity 61194K, committed 61232K, reserved 1101824K
  class space    used 7811K, capacity 8463K, committed 8496K, reserved 1048576K
}
Event: 376.584 GC heap before
{Heap before GC invocations=14 (full 3):
 PSYoungGen      total 313856K, used 297420K [0x00000000eab00000, 0x0000000100000000, 0x0000000100000000)
  eden space 290816K, 100% used [0x00000000eab00000,0x00000000fc700000,0x00000000fc700000)
  from space 23040K, 28% used [0x00000000fe980000,0x00000000feff3158,0x0000000100000000)
  to   space 29184K, 0% used [0x00000000fc700000,0x00000000fc700000,0x00000000fe380000)
 ParOldGen       total 80896K, used 52107K [0x00000000c0000000, 0x00000000c4f00000, 0x00000000eab00000)
  object space 80896K, 64% used [0x00000000c0000000,0x00000000c32e2fb8,0x00000000c4f00000)
 Metaspace       used 63307K, capacity 66402K, committed 66480K, reserved 1105920K
  class space    used 8398K, capacity 9104K, committed 9136K, reserved 1048576K
Event: 376.605 GC heap after
Heap after GC invocations=14 (full 3):
 PSYoungGen      total 314880K, used 23959K [0x00000000eab00000, 0x0000000100000000, 0x0000000100000000)
  eden space 290816K, 0% used [0x00000000eab00000,0x00000000eab00000,0x00000000fc700000)
  from space 24064K, 99% used [0x00000000fc700000,0x00000000fde65c50,0x00000000fde80000)
  to   space 31744K, 0% used [0x00000000fe100000,0x00000000fe100000,0x0000000100000000)
 ParOldGen       total 80896K, used 52115K [0x00000000c0000000, 0x00000000c4f00000, 0x00000000eab00000)
  object space 80896K, 64% used [0x00000000c0000000,0x00000000c32e4fb8,0x00000000c4f00000)
 Metaspace       used 63307K, capacity 66402K, committed 66480K, reserved 1105920K
  class space    used 8398K, capacity 9104K, committed 9136K, reserved 1048576K
}
Event: 378.174 GC heap before
{Heap before GC invocations=15 (full 3):
 PSYoungGen      total 314880K, used 314775K [0x00000000eab00000, 0x0000000100000000, 0x0000000100000000)
  eden space 290816K, 100% used [0x00000000eab00000,0x00000000fc700000,0x00000000fc700000)
  from space 24064K, 99% used [0x00000000fc700000,0x00000000fde65c50,0x00000000fde80000)
  to   space 31744K, 0% used [0x00000000fe100000,0x00000000fe100000,0x0000000100000000)
 ParOldGen       total 80896K, used 52115K [0x00000000c0000000, 0x00000000c4f00000, 0x00000000eab00000)
  object space 80896K, 64% used [0x00000000c0000000,0x00000000c32e4fb8,0x00000000c4f00000)
 Metaspace       used 65350K, capacity 68468K, committed 68656K, reserved 1107968K
  class space    used 8534K, capacity 9241K, committed 9264K, reserved 1048576K
Event: 378.228 GC heap after
Heap after GC invocations=15 (full 3):
 PSYoungGen      total 265216K, used 31735K [0x00000000eab00000, 0x0000000100000000, 0x0000000100000000)
  eden space 233472K, 0% used [0x00000000eab00000,0x00000000eab00000,0x00000000f8f00000)
  from space 31744K, 99% used [0x00000000fe100000,0x00000000ffffdfb8,0x0000000100000000)
  to   space 57856K, 0% used [0x00000000f8f00000,0x00000000f8f00000,0x00000000fc780000)
 ParOldGen       total 110592K, used 110290K [0x00000000c0000000, 0x00000000c6c00000, 0x00000000eab00000)
  object space 110592K, 99% used [0x00000000c0000000,0x00000000c6bb4998,0x00000000c6c00000)
 Metaspace       used 65350K, capacity 68468K, committed 68656K, reserved 1107968K
  class space    used 8534K, capacity 9241K, committed 9264K, reserved 1048576K
}
Event: 378.228 GC heap before
{Heap before GC invocations=16 (full 4):
 PSYoungGen      total 265216K, used 31735K [0x00000000eab00000, 0x0000000100000000, 0x0000000100000000)
  eden space 233472K, 0% used [0x00000000eab00000,0x00000000eab00000,0x00000000f8f00000)
  from space 31744K, 99% used [0x00000000fe100000,0x00000000ffffdfb8,0x0000000100000000)
  to   space 57856K, 0% used [0x00000000f8f00000,0x00000000f8f00000,0x00000000fc780000)
 ParOldGen       total 110592K, used 110290K [0x00000000c0000000, 0x00000000c6c00000, 0x00000000eab00000)
  object space 110592K, 99% used [0x00000000c0000000,0x00000000c6bb4998,0x00000000c6c00000)
 Metaspace       used 65350K, capacity 68468K, committed 68656K, reserved 1107968K
  class space    used 8534K, capacity 9241K, committed 9264K, reserved 1048576K

Deoptimization events (10 events):
Event: 377.706 Thread 0x000000005f1de000 Uncommon trap: reason=class_check action=maybe_recompile pc=0x00000000096f0ec0 method=java.io.Writer.write(Ljava/lang/String;)V @ 7
Event: 377.706 Thread 0x000000005f1de000 Uncommon trap: reason=class_check action=maybe_recompile pc=0x00000000096f0ec0 method=java.io.Writer.write(Ljava/lang/String;)V @ 7
Event: 377.706 Thread 0x000000005f1de000 Uncommon trap: reason=class_check action=maybe_recompile pc=0x00000000096f0ec0 method=java.io.Writer.write(Ljava/lang/String;)V @ 7
Event: 377.707 Thread 0x000000005f1de000 Uncommon trap: reason=unstable_if action=reinterpret pc=0x00000000099e49d0 method=com.sun.tools.javac.util.BaseFileManager.getKind(Ljava/lang/String;)Ljavax/tools/JavaFileObject$Kind; @ 10
Event: 377.761 Thread 0x000000005f1de000 Uncommon trap: reason=unstable_if action=reinterpret pc=0x0000000009e376a4 method=java.lang.String$CaseInsensitiveComparator.compare(Ljava/lang/String;Ljava/lang/String;)I @ 70
Event: 377.862 Thread 0x000000005f1de000 Uncommon trap: reason=unstable_if action=reinterpret pc=0x0000000008be801c method=com.sun.tools.javac.code.Symbol$TypeSymbol.formFullName(Lcom/sun/tools/javac/util/Name;Lcom/sun/tools/javac/code/Symbol;)Lcom/sun/tools/javac/util/Name; @ 1
Event: 377.920 Thread 0x000000005f1de000 Uncommon trap: reason=unstable_if action=reinterpret pc=0x0000000009d481b0 method=com.sun.tools.javac.jvm.ClassReader.initParameterNames(Lcom/sun/tools/javac/code/Symbol$MethodSymbol;)V @ 17
Event: 377.939 Thread 0x000000005f1de000 Uncommon trap: reason=unstable_if action=reinterpret pc=0x0000000009d01a58 method=com.sun.tools.javac.code.Symbol$MethodSymbol.params()Lcom/sun/tools/javac/util/List; @ 11
Event: 378.038 Thread 0x000000005f1de000 Uncommon trap: reason=unstable_if action=reinterpret pc=0x0000000009dfe184 method=com.sun.tools.javac.comp.Resolve.findInheritedMemberType(Lcom/sun/tools/javac/comp/Env;Lcom/sun/tools/javac/code/Type;Lcom/sun/tools/javac/util/Name;Lcom/sun/tools/javac/codeH6Œß•¡w@
Event: 378.099 Thread 0x000000005f1de000 Uncommon trap: reason=unstable_if action=reinterpret pc=0x0000000009ee51e4 method=java.lang.String.regionMatches(ZILjava/lang/String;II)Z @ 123

Internal exceptions (10 events):
Event: 373.545 Thread 0x000000005f1de000 Exception <a 'sun/nio/fs/WindowsException'> (0x00000000f0c0fda8) thrown at [C:\src\android\AOSP-openjdk\external\jetbrains\jdk\hotspot\src\share\vm\prims\jni.cpp, line 709]
Event: 373.546 Thread 0x000000005f1de000 Exception <a 'sun/nio/fs/WindowsException'> (0x00000000f0c118f8) thrown at [C:\src\android\AOSP-openjdk\external\jetbrains\jdk\hotspot\src\share\vm\prims\jni.cpp, line 709]
Event: 373.546 Thread 0x000000005f1de000 Exception <a 'sun/nio/fs/WindowsException'> (0x00000000f0c12438) thrown at [C:\src\android\AOSP-openjdk\external\jetbrains\jdk\hotspot\src\share\vm\prims\jni.cpp, line 709]
Event: 373.546 Thread 0x000000005f1de000 Exception <a 'sun/nio/fs/WindowsException'> (0x00000000f0c159b8) thrown at [C:\src\android\AOSP-openjdk\external\jetbrains\jdk\hotspot\src\share\vm\prims\jni.cpp, line 709]
Event: 373.546 Thread 0x000000005f1de000 Exception <a 'sun/nio/fs/WindowsException'> (0x00000000f0c16328) thrown at [C:\src\android\AOSP-openjdk\external\jetbrains\jdk\hotspot\src\share\vm\prims\jni.cpp, line 709]
Event: 373.546 Thread 0x000000005f1de000 Exception <a 'sun/nio/fs/WindowsException'> (0x00000000f0c17d38) thrown at [C:\src\android\AOSP-openjdk\external\jetbrains\jdk\hotspot\src\share\vm\prims\jni.cpp, line 709]
Event: 373.546 Thread 0x000000005f1de000 Exception <a 'sun/nio/fs/WindowsException'> (0x00000000f0c186b8) thrown at [C:\src\android\AOSP-openjdk\external\jetbrains\jdk\hotspot\src\share\vm\prims\jni.cpp, line 709]
Event: 376.608 Thread 0x000000005f1de000 Implicit null exception at 0x00000000099d1417 to 0x00000000099d1ac1
Event: 377.862 Thread 0x000000005f1de000 Implicit null exception at 0x0000000008be7c91 to 0x0000000008be8005
Event: 377.920 Thread 0x000000005f1de000 Implicit null exception at 0x0000000009d47eea to 0x0000000009d48199

Events (10 events):
Event: 378.099 Thread 0x000000005f1de000 Uncommon trap: trap_request=0xffffff65 fr.pc=0x0000000009ee51e4
Event: 378.099 Thread 0x000000005f1de000 DEOPT PACKING pc=0x0000000009ee51e4 sp=0x000000005afeb770
Event: 378.099 Thread 0x000000005f1de000 DEOPT UNPACKING pc=0x00000000078e556a sp=0x000000005afeb660 mode 2
Event: 378.122 Thread 0x000000005f1de000 DEOPT PACKING pc=0x0000000009ba952b sp=0x000000005afe9c90
Event: 378.122 Thread 0x000000005f1de000 DEOPT UNPACKING pc=0x00000000078e75bf sp=0x000000005afe99f0 mode 0
Event: 378.133 Thread 0x000000005f1de000 DEOPT PACKING pc=0x0000000009ba952b sp=0x000000005afea5b0
Event: 378.133 Thread 0x000000005f1de000 DEOPT UNPACKING pc=0x00000000078e75bf sp=0x000000005afea310 mode 0
Event: 378.135 Thread 0x000000005f1de000 DEOPT PACKING pc=0x0000000009ba952b sp=0x000000005afea5b0
Event: 378.135 Thread 0x000000005f1de000 DEOPT UNPACKING pc=0x00000000078e75bf sp=0x000000005afea310 mode 0
Event: 378.174 Executing VM operation: ParallelGCFailedAllocation


Dynamic libraries:
0x000000013f790000 - 0x000000013f7c1000 	C:\Program Files\Android\Android Studio\jre\bin\java.exe
0x0000000077100000 - 0x00000000772aa000 	C:\Windows\SYSTEM32\ntdll.dll
0x0000000076ee0000 - 0x0000000076fff000 	C:\Windows\system32\kernel32.dll
0x000007fefd320000 - 0x000007fefd38a000 	C:\Windows\system32\KERNELBASE.dll
0x000007feff2c0000 - 0x000007feff39b000 	C:\Windows\system32\ADVAPI32.dll
0x000007fefd5f0000 - 0x000007fefd68f000 	C:\Windows\system32\msvcrt.dll
0x000007fefe5b0000 - 0x000007fefe5cf000 	C:\Windows\SYSTEM32\sechost.dll
0x000007fefe480000 - 0x000007fefe5ad000 	C:\Windows\system32\RPCRT4.dll
0x0000000077000000 - 0x00000000770fa000 	C:\Windows\system32\USER32.dll
0x000007feff3a0000 - 0x000007feff407000 	C:\Windows\system32\GDI32.dll
0x000007fefe5d0000 - 0x000007fefe5de000 	C:\Windows\system32\LPK.dll
0x000007fefd410000 - 0x000007fefd4da000 	C:\Windows\system32\USP10.dll
0x000007fefbc00000 - 0x000007fefbdf4000 	C:\Windows\WinSxS\amd64_microsoft.windows.common-controls_6595b64144ccf1df_6.0.7601.18837_none_fa3b1e3d17594757\COMCTL32.dll
0x000007fefe870000 - 0x000007fefe8e1000 	C:\Windows\system32\SHLWAPI.dll
0x000007feff290000 - 0x000007feff2be000 	C:\Windows\system32\IMM32.DLL
0x000007fefd4e0000 - 0x000007fefd5e9000 	C:\Windows\system32\MSCTF.dll
0x000000006e560000 - 0x000000006e632000 	C:\Program Files\Android\Android Studio\jre\jre\bin\msvcr100.dll
0x0000000007060000 - 0x0000000007894000 	C:\Program Files\Android\Android Studio\jre\jre\bin\server\jvm.dll
0x000007fee9c90000 - 0x000007fee9c99000 	C:\Windows\system32\WSOCK32.dll
0x000007fefe680000 - 0x000007fefe6cd000 	C:\Windows\system32\WS2_32.dll
0x000007fefece0000 - 0x000007fefece8000 	C:\Windows\system32\NSI.dll
0x000007fef8370000 - 0x000007fef83ab000 	C:\Windows\system32\WINMM.dll
0x000007fefc0f0000 - 0x000007fefc0fc000 	C:\Windows\system32\VERSION.dll
0x00000000772d0000 - 0x00000000772d7000 	C:\Windows\system32\PSAPI.DLL
0x000007fee9ac0000 - 0x000007fee9acf000 	C:\Program Files\Android\Android Studio\jre\jre\bin\verify.dll
0x000007fee96d0000 - 0x000007fee96f9000 	C:\Program Files\Android\Android Studio\jre\jre\bin\java.dll
0x000007fee96b0000 - 0x000007fee96c6000 	C:\Program Files\Android\Android Studio\jre\jre\bin\zip.dll
0x000007fefd690000 - 0x000007fefe419000 	C:\Windows\system32\SHELL32.dll
0x000007fefeed0000 - 0x000007feff0d3000 	C:\Windows\system32\ole32.dll
0x000007fefd000000 - 0x000007fefd00f000 	C:\Windows\system32\profapi.dll
0x000007fee9690000 - 0x000007fee96aa000 	C:\Program Files\Android\Android Studio\jre\jre\bin\net.dll
0x000007fefc870000 - 0x000007fefc8c5000 	C:\Windows\system32\mswsock.dll
0x000007fefc860000 - 0x000007fefc867000 	C:\Windows\System32\wship6.dll
0x000007fee9670000 - 0x000007fee9681000 	C:\Program Files\Android\Android Studio\jre\jre\bin\nio.dll
0x000007feea4f0000 - 0x000007feea502000 	C:\Users\Administrator\.gradle\native\19\windows-amd64\native-platform.dll
0x000007fefc8d0000 - 0x000007fefc8e7000 	C:\Windows\system32\CRYPTSP.dll
0x000007fefc590000 - 0x000007fefc5d7000 	C:\Windows\system32\rsaenh.dll
0x000007fefc350000 - 0x000007fefc36e000 	C:\Windows\system32\USERENV.dll
0x000007fefcf30000 - 0x000007fefcf3f000 	C:\Windows\system32\CRYPTBASE.dll
0x000007fefab60000 - 0x000007fefab87000 	C:\Windows\system32\IPHLPAPI.DLL
0x000007fefab50000 - 0x000007fefab5b000 	C:\Windows\system32\WINNSI.DLL
0x000007fefaa80000 - 0x000007fefaa91000 	C:\Windows\system32\dhcpcsvc6.DLL
0x000007fefaa20000 - 0x000007fefaa38000 	C:\Windows\system32\dhcpcsvc.DLL
0x000007fee9300000 - 0x000007fee930d000 	C:\Program Files\Android\Android Studio\jre\jre\bin\management.dll
0x000007fefc230000 - 0x000007fefc237000 	C:\Windows\System32\wshtcpip.dll
0x000007fefced0000 - 0x000007fefcf27000 	C:\Windows\system32\apphelp.dll
0x000007fef44a0000 - 0x000007fef45c5000 	C:\Windows\system32\dbghelp.dll

VM Arguments:
jvm_args: -XX:MaxPermSize=256m -XX:+HeapDumpOnOutOfMemoryError -Xmx1024m -Dfile.encoding=GBK -Duser.country=CN -Duser.language=zh -Duser.variant -Djava.net.preferIPv4Stack=true 
java_command: org.gradle.launcher.daemon.bootstrap.GradleDaemon 2.14.1
java_class_path (initial): C:\Program Files\Android\Android Studio\gradle\gradle-2.14.1\lib\gradle-launcher-2.14.1.jar
Launcher Type: SUN_STANDARD

Environment Variables:
JAVA_HOME=C:\Program Files\Java\jdk1.8.0_66
_JAVA_OPTIONS=-Djava.net.preferIPv4Stack=true
CLASSPATH=.;C:\Program Files\Java\jdk1.8.0_66\lib\dt.jar;C:\Program Files\Java\jdk1.8.0_66\lib\tools.jar
PATH=C:\Program Files\Java\jdk1.8.0_66\bin;C:\ProgramData\Oracle\Java\javapath;C:\Windows\system32;C:\Windows;C:\Windows\System32\Wbem;C:\Windows\System32\WindowsPowerShell\v1.0\
USERNAME=Administrator
OS=Windows_NT
PROCESSOR_IDENTIFIER=Intel64 Family 6 Model 94 Stepping 3, GenuineIntel



---------------  S Y S T E M  ---------------

OS: Windows 7 , 64 bit Build 7601 (6.1.7601.23539)

CPU:total 8 (4 cores per cpu, 2 threads per core) family 6 model 94 stepping 3, cmov, cx8, fxsr, mmx, sse, sse2, sse3, ssse3, sse4.1, sse4.2, popcnt, avx, avx2, aes, clmul, erms, rtm, 3dnowpref, lzcnt, ht, tsc, tscinvbit, bmi1, bmi2, adx

Memory: 4k page, physical 8344388k(3500824k free), swap 20859904k(15522328k free)

vm_info: OpenJDK 64-Bit Server VM (25.76-b03) for windows-amd64 JRE (1.8.0_76-release-b03), built on Jun 29 2016 19:09:20 by "ralucas" with MS VC++ 10.0 (VS2010)

time: Tue Feb 21 08:56:03 2017
elapsed time: 378 seconds (0d 0h 6m 18s)

